<?xml version="1.0" encoding="UTF-8"?>
<!-- Generated by org.testng.reporters.JUnitXMLReporter -->
<testsuite ignored="1" hostname="DESKTOP-R71JSJF" failures="1" tests="2" name="Test" time="0.089" errors="0" timestamp="2023-02-04T20:28:51 IST">
  <testcase classname="Import.ImportOrganisation" name="Import" time="0.014">
    <failure type="java.lang.NullPointerException" message="Cannot invoke &amp;quot;org.openqa.selenium.WebDriver.manage()&amp;quot; because &amp;quot;driver&amp;quot; is null">
      <![CDATA[java.lang.NullPointerException: Cannot invoke "org.openqa.selenium.WebDriver.manage()" because "driver" is null
at Generic_lib.Webdriver_utility.waitForPagetoLoad(Webdriver_utility.java:20)
at Import.ImportOrganisation.Import(ImportOrganisation.java:39)
at java.base/java.util.ArrayList.forEach(ArrayList.java:1511)
... Removed 27 stack frames]]>
    </failure>
  </testcase> <!-- Import -->
  <testcase classname="Import.ImportOrganisation" name="Sample" time="0.001"/>
  <testcase classname="Generic_lib.Base_class" name="AT" time="0.0">
    <ignored/>
  </testcase> <!-- AT -->
</testsuite> <!-- Test -->
