<?xml version="1.0" encoding="UTF-8"?>
<testng-results ignored="0" total="1" passed="1" failed="0" skipped="0">
  <reporter-output>
  </reporter-output>
  <suite started-at="2023-03-20T16:23:04 IST" name="Default suite" finished-at="2023-03-20T16:23:09 IST" duration-ms="5614">
    <groups>
    </groups>
    <test started-at="2023-03-20T16:23:04 IST" name="Default test" finished-at="2023-03-20T16:23:09 IST" duration-ms="5614">
      <class name="Selenium.Yahoo2">
        <test-method signature="Yah()[pri:0, instance:Selenium.Yahoo2@7ea9e1e2]" started-at="2023-03-20T16:23:04 IST" name="Yah" finished-at="2023-03-20T16:23:09 IST" duration-ms="5535" status="PASS">
          <reporter-output>
          </reporter-output>
        </test-method> <!-- Yah -->
      </class> <!-- Selenium.Yahoo2 -->
    </test> <!-- Default test -->
  </suite> <!-- Default suite -->
</testng-results>
